<?xml version="1.0" encoding="UTF-8"?>
<testsuite name="CommandLineTest" tests="1" skipped="0" failures="0" errors="0" timestamp="2016-07-27T14:16:41" hostname="Dougs-MacBook-Pro.local" time="0.005">
  <properties/>
  <testcase name="testTest" classname="CommandLineTest" time="0.005"/>
  <system-out><![CDATA[]]></system-out>
  <system-err><![CDATA[]]></system-err>
</testsuite>
